<?xml version="1.0" encoding="UTF-8" standalone="no"?>
<!DOCTYPE log SYSTEM "logger.dtd">
<log>
<record>
  <date>2024-01-17T04:04:40.805758600Z</date>
  <millis>1705464280805</millis>
  <nanos>758600</nanos>
  <sequence>0</sequence>
  <level>START</level>
  <class>com.kms.katalon.core.logging.XmlKeywordLogger</class>
  <method>startSuite</method>
  <thread>1</thread>
  <message>Start Test Suite : Test Suites/Manual Mode/TC_QUANTITY_004</message>
  <nestedLevel>0</nestedLevel>
  <escapedJava>false</escapedJava>
  <property name="rerunTestFailImmediately">true</property>
  <property name="retryCount">3</property>
  <property name="name">TC_QUANTITY_004</property>
  <property name="description"></property>
  <property name="id">Test Suites/Manual Mode/TC_QUANTITY_004</property>
</record>
<record>
  <date>2024-01-17T04:04:40.827696300Z</date>
  <millis>1705464280827</millis>
  <nanos>696300</nanos>
  <sequence>1</sequence>
  <level>RUN_DATA</level>
  <class>com.kms.katalon.core.logging.XmlKeywordLogger</class>
  <method>logMessage</method>
  <thread>1</thread>
  <message>hostName = DESKTOP COMPUTER - DESKTOP-KL6BTBD</message>
  <nestedLevel>0</nestedLevel>
  <escapedJava>false</escapedJava>
  <property name="hostName">DESKTOP COMPUTER - DESKTOP-KL6BTBD</property>
</record>
<record>
  <date>2024-01-17T04:04:40.828694100Z</date>
  <millis>1705464280828</millis>
  <nanos>694100</nanos>
  <sequence>2</sequence>
  <level>RUN_DATA</level>
  <class>com.kms.katalon.core.logging.XmlKeywordLogger</class>
  <method>logMessage</method>
  <thread>1</thread>
  <message>os = Windows 10 64bit</message>
  <nestedLevel>0</nestedLevel>
  <escapedJava>false</escapedJava>
  <property name="os">Windows 10 64bit</property>
</record>
<record>
  <date>2024-01-17T04:04:40.829691300Z</date>
  <millis>1705464280829</millis>
  <nanos>691300</nanos>
  <sequence>3</sequence>
  <level>RUN_DATA</level>
  <class>com.kms.katalon.core.logging.XmlKeywordLogger</class>
  <method>logMessage</method>
  <thread>1</thread>
  <message>hostAddress = 192.168.0.105</message>
  <nestedLevel>0</nestedLevel>
  <escapedJava>false</escapedJava>
  <property name="hostAddress">192.168.0.105</property>
</record>
<record>
  <date>2024-01-17T04:04:40.831686100Z</date>
  <millis>1705464280831</millis>
  <nanos>686100</nanos>
  <sequence>4</sequence>
  <level>RUN_DATA</level>
  <class>com.kms.katalon.core.logging.XmlKeywordLogger</class>
  <method>logMessage</method>
  <thread>1</thread>
  <message>katalonVersion = 9.2.0.212</message>
  <nestedLevel>0</nestedLevel>
  <escapedJava>false</escapedJava>
  <property name="katalonVersion">9.2.0.212</property>
</record>
<record>
  <date>2024-01-17T04:04:40.854625600Z</date>
  <millis>1705464280854</millis>
  <nanos>625600</nanos>
  <sequence>5</sequence>
  <level>START</level>
  <class>com.kms.katalon.core.logging.XmlKeywordLogger</class>
  <method>startKeyword</method>
  <thread>1</thread>
  <message>Start listener action : sampleBeforeTestSuite</message>
  <nestedLevel>0</nestedLevel>
  <escapedJava>false</escapedJava>
</record>
<record>
  <date>2024-01-17T04:04:40.904493500Z</date>
  <millis>1705464280904</millis>
  <nanos>493500</nanos>
  <sequence>7</sequence>
  <level>START</level>
  <class>com.kms.katalon.core.logging.XmlKeywordLogger</class>
  <method>startKeyword</method>
  <thread>1</thread>
  <message>Start action : println(testSuiteContext.getTestSuiteId())</message>
  <nestedLevel>1</nestedLevel>
  <escapedJava>false</escapedJava>
  <property name="startLine">41</property>
  <property name="stepIndex">1</property>
</record>
<record>
  <date>2024-01-17T04:04:40.929903500Z</date>
  <millis>1705464280929</millis>
  <nanos>903500</nanos>
  <sequence>9</sequence>
  <level>END</level>
  <class>com.kms.katalon.core.logging.XmlKeywordLogger</class>
  <method>endKeyword</method>
  <thread>1</thread>
  <message>End action : println(testSuiteContext.getTestSuiteId())</message>
  <nestedLevel>1</nestedLevel>
  <escapedJava>false</escapedJava>
</record>
<record>
  <date>2024-01-17T04:04:40.931943800Z</date>
  <millis>1705464280931</millis>
  <nanos>943800</nanos>
  <sequence>10</sequence>
  <level>END</level>
  <class>com.kms.katalon.core.logging.XmlKeywordLogger</class>
  <method>endKeyword</method>
  <thread>1</thread>
  <message>End listener action : sampleBeforeTestSuite</message>
  <nestedLevel>0</nestedLevel>
  <escapedJava>false</escapedJava>
</record>
<record>
  <date>2024-01-17T04:04:41.153663700Z</date>
  <millis>1705464281153</millis>
  <nanos>663700</nanos>
  <sequence>11</sequence>
  <level>START</level>
  <class>com.kms.katalon.core.logging.XmlKeywordLogger</class>
  <method>startTest</method>
  <thread>1</thread>
  <message>Start Test Case : Test Cases/Manual Mode/TC_QUANTITY_004</message>
  <nestedLevel>1</nestedLevel>
  <escapedJava>false</escapedJava>
  <property name="remainingRetryCount">3</property>
  <property name="name">Test Cases/Manual Mode/TC_QUANTITY_004</property>
  <property name="description">Validate amazon application for quantity selection</property>
  <property name="iteration"></property>
  <property name="id">Test Cases/Manual Mode/TC_QUANTITY_004</property>
  <property name="source">C:\Users\ramam\git\SI-GuidedProject-704083-1705042736\Test Cases\Manual Mode\TC_QUANTITY_004.tc</property>
  <property name="tag">#QUANTITY_SELECTION</property>
  <property name="isOptional">false</property>
  <property name="currentRetryCount">0</property>
</record>
<record>
  <date>2024-01-17T04:04:41.246479200Z</date>
  <millis>1705464281246</millis>
  <nanos>479200</nanos>
  <sequence>13</sequence>
  <level>START</level>
  <class>com.kms.katalon.core.logging.XmlKeywordLogger</class>
  <method>startKeyword</method>
  <thread>1</thread>
  <message>Start listener action : sampleBeforeTestCase</message>
  <nestedLevel>1</nestedLevel>
  <escapedJava>false</escapedJava>
</record>
<record>
  <date>2024-01-17T04:04:41.252464500Z</date>
  <millis>1705464281252</millis>
  <nanos>464500</nanos>
  <sequence>15</sequence>
  <level>START</level>
  <class>com.kms.katalon.core.logging.XmlKeywordLogger</class>
  <method>startKeyword</method>
  <thread>1</thread>
  <message>Start action : println(testCaseContext.getTestCaseId())</message>
  <nestedLevel>1</nestedLevel>
  <escapedJava>false</escapedJava>
  <property name="startLine">29</property>
  <property name="stepIndex">1</property>
</record>
<record>
  <date>2024-01-17T04:04:41.274403800Z</date>
  <millis>1705464281274</millis>
  <nanos>403800</nanos>
  <sequence>16</sequence>
  <level>END</level>
  <class>com.kms.katalon.core.logging.XmlKeywordLogger</class>
  <method>endKeyword</method>
  <thread>1</thread>
  <message>End action : println(testCaseContext.getTestCaseId())</message>
  <nestedLevel>1</nestedLevel>
  <escapedJava>false</escapedJava>
</record>
<record>
  <date>2024-01-17T04:04:41.275401200Z</date>
  <millis>1705464281275</millis>
  <nanos>401200</nanos>
  <sequence>17</sequence>
  <level>START</level>
  <class>com.kms.katalon.core.logging.XmlKeywordLogger</class>
  <method>startKeyword</method>
  <thread>1</thread>
  <message>Start action : println(testCaseContext.getTestCaseVariables())</message>
  <nestedLevel>1</nestedLevel>
  <escapedJava>false</escapedJava>
  <property name="startLine">30</property>
  <property name="stepIndex">2</property>
</record>
<record>
  <date>2024-01-17T04:04:41.277396600Z</date>
  <millis>1705464281277</millis>
  <nanos>396600</nanos>
  <sequence>19</sequence>
  <level>END</level>
  <class>com.kms.katalon.core.logging.XmlKeywordLogger</class>
  <method>endKeyword</method>
  <thread>1</thread>
  <message>End action : println(testCaseContext.getTestCaseVariables())</message>
  <nestedLevel>1</nestedLevel>
  <escapedJava>false</escapedJava>
</record>
<record>
  <date>2024-01-17T04:04:41.277396600Z</date>
  <millis>1705464281277</millis>
  <nanos>396600</nanos>
  <sequence>20</sequence>
  <level>END</level>
  <class>com.kms.katalon.core.logging.XmlKeywordLogger</class>
  <method>endKeyword</method>
  <thread>1</thread>
  <message>End listener action : sampleBeforeTestCase</message>
  <nestedLevel>1</nestedLevel>
  <escapedJava>false</escapedJava>
</record>
<record>
  <date>2024-01-17T04:04:41.465044300Z</date>
  <millis>1705464281465</millis>
  <nanos>44300</nanos>
  <sequence>21</sequence>
  <level>START</level>
  <class>com.kms.katalon.core.logging.XmlKeywordLogger</class>
  <method>startKeyword</method>
  <thread>1</thread>
  <message>Start action : openBrowser(&amp;quot;&amp;quot;)</message>
  <nestedLevel>1</nestedLevel>
  <escapedJava>false</escapedJava>
  <property name="startLine">20</property>
  <property name="stepIndex">1</property>
</record>
<record>
  <date>2024-01-17T04:04:41.878819400Z</date>
  <millis>1705464281878</millis>
  <nanos>819400</nanos>
  <sequence>23</sequence>
  <level>INFO</level>
  <class>com.kms.katalon.core.logging.XmlKeywordLogger</class>
  <method>logMessage</method>
  <thread>1</thread>
  <message>Starting &amp;apos;Chrome&amp;apos; driver</message>
  <nestedLevel>1</nestedLevel>
  <escapedJava>false</escapedJava>
</record>
<record>
  <date>2024-01-17T04:04:41.945282900Z</date>
  <millis>1705464281945</millis>
  <nanos>282900</nanos>
  <sequence>25</sequence>
  <level>INFO</level>
  <class>com.kms.katalon.core.logging.XmlKeywordLogger</class>
  <method>logMessage</method>
  <thread>1</thread>
  <message>Action delay is set to 0 milliseconds</message>
  <nestedLevel>1</nestedLevel>
  <escapedJava>false</escapedJava>
</record>
<record>
  <date>2024-01-17T04:04:43.531613500Z</date>
  <millis>1705464283531</millis>
  <nanos>613500</nanos>
  <sequence>27</sequence>
  <level>RUN_DATA</level>
  <class>com.kms.katalon.core.logging.XmlKeywordLogger</class>
  <method>logMessage</method>
  <thread>1</thread>
  <message>sessionId = c017f400728c1030e2a938cde4ad6f1f</message>
  <nestedLevel>1</nestedLevel>
  <escapedJava>false</escapedJava>
  <property name="sessionId">c017f400728c1030e2a938cde4ad6f1f</property>
</record>
<record>
  <date>2024-01-17T04:04:43.559539500Z</date>
  <millis>1705464283559</millis>
  <nanos>539500</nanos>
  <sequence>28</sequence>
  <level>RUN_DATA</level>
  <class>com.kms.katalon.core.logging.XmlKeywordLogger</class>
  <method>logMessage</method>
  <thread>1</thread>
  <message>browser = Chrome 120.0.0.0</message>
  <nestedLevel>1</nestedLevel>
  <escapedJava>false</escapedJava>
  <property name="browser">Chrome 120.0.0.0</property>
</record>
<record>
  <date>2024-01-17T04:04:43.560536800Z</date>
  <millis>1705464283560</millis>
  <nanos>536800</nanos>
  <sequence>29</sequence>
  <level>RUN_DATA</level>
  <class>com.kms.katalon.core.logging.XmlKeywordLogger</class>
  <method>logMessage</method>
  <thread>1</thread>
  <message>platform = Windows 10</message>
  <nestedLevel>1</nestedLevel>
  <escapedJava>false</escapedJava>
  <property name="platform">Windows 10</property>
</record>
<record>
  <date>2024-01-17T04:04:43.561534400Z</date>
  <millis>1705464283561</millis>
  <nanos>534400</nanos>
  <sequence>30</sequence>
  <level>RUN_DATA</level>
  <class>com.kms.katalon.core.logging.XmlKeywordLogger</class>
  <method>logMessage</method>
  <thread>1</thread>
  <message>seleniumVersion = 3.141.59</message>
  <nestedLevel>1</nestedLevel>
  <escapedJava>false</escapedJava>
  <property name="seleniumVersion">3.141.59</property>
</record>
<record>
  <date>2024-01-17T04:04:43.562530900Z</date>
  <millis>1705464283562</millis>
  <nanos>530900</nanos>
  <sequence>31</sequence>
  <level>RUN_DATA</level>
  <class>com.kms.katalon.core.logging.XmlKeywordLogger</class>
  <method>logMessage</method>
  <thread>1</thread>
  <message>proxyInformation = ProxyInformation { proxyOption=NO_PROXY, proxyServerType=HTTP, username=, password=********, proxyServerAddress=, proxyServerPort=0, executionList=&amp;quot;&amp;quot;, isApplyToDesiredCapabilities=true }</message>
  <nestedLevel>1</nestedLevel>
  <escapedJava>false</escapedJava>
  <property name="proxyInformation">ProxyInformation { proxyOption=NO_PROXY, proxyServerType=HTTP, username=, password=********, proxyServerAddress=, proxyServerPort=0, executionList=&quot;&quot;, isApplyToDesiredCapabilities=true }</property>
</record>
<record>
  <date>2024-01-17T04:04:43.579485500Z</date>
  <millis>1705464283579</millis>
  <nanos>485500</nanos>
  <sequence>32</sequence>
  <level>PASSED</level>
  <class>com.kms.katalon.core.logging.XmlKeywordLogger</class>
  <method>logMessage</method>
  <thread>1</thread>
  <message>Browser is opened with url: &amp;apos;&amp;apos;</message>
  <nestedLevel>1</nestedLevel>
  <escapedJava>false</escapedJava>
  <property name="testops-method-name">com.kms.katalon.core.webui.keyword.builtin.OpenBrowserKeyword.openBrowser</property>
  <property name="testops-execution-stacktrace"></property>
</record>
<record>
  <date>2024-01-17T04:04:43.582477800Z</date>
  <millis>1705464283582</millis>
  <nanos>477800</nanos>
  <sequence>33</sequence>
  <level>END</level>
  <class>com.kms.katalon.core.logging.XmlKeywordLogger</class>
  <method>endKeyword</method>
  <thread>1</thread>
  <message>End action : openBrowser(&amp;quot;&amp;quot;)</message>
  <nestedLevel>1</nestedLevel>
  <escapedJava>false</escapedJava>
</record>
<record>
  <date>2024-01-17T04:04:43.582477800Z</date>
  <millis>1705464283582</millis>
  <nanos>477800</nanos>
  <sequence>34</sequence>
  <level>START</level>
  <class>com.kms.katalon.core.logging.XmlKeywordLogger</class>
  <method>startKeyword</method>
  <thread>1</thread>
  <message>Start action : navigateToUrl(&amp;quot;https://www.amazon.com/&amp;quot;)</message>
  <nestedLevel>1</nestedLevel>
  <escapedJava>false</escapedJava>
  <property name="startLine">22</property>
  <property name="stepIndex">2</property>
</record>
<record>
  <date>2024-01-17T04:04:47.912704300Z</date>
  <millis>1705464287912</millis>
  <nanos>704300</nanos>
  <sequence>37</sequence>
  <level>PASSED</level>
  <class>com.kms.katalon.core.logging.XmlKeywordLogger</class>
  <method>logMessage</method>
  <thread>1</thread>
  <message>Navigate to &amp;apos;https://www.amazon.com/&amp;apos; successfully</message>
  <nestedLevel>1</nestedLevel>
  <escapedJava>false</escapedJava>
  <property name="testops-method-name">com.kms.katalon.core.webui.keyword.builtin.NavigateToUrlKeyword.navigateToUrl</property>
  <property name="testops-execution-stacktrace"></property>
</record>
<record>
  <date>2024-01-17T04:04:47.915697400Z</date>
  <millis>1705464287915</millis>
  <nanos>697400</nanos>
  <sequence>38</sequence>
  <level>END</level>
  <class>com.kms.katalon.core.logging.XmlKeywordLogger</class>
  <method>endKeyword</method>
  <thread>1</thread>
  <message>End action : navigateToUrl(&amp;quot;https://www.amazon.com/&amp;quot;)</message>
  <nestedLevel>1</nestedLevel>
  <escapedJava>false</escapedJava>
</record>
<record>
  <date>2024-01-17T04:04:47.915697400Z</date>
  <millis>1705464287915</millis>
  <nanos>697400</nanos>
  <sequence>39</sequence>
  <level>START</level>
  <class>com.kms.katalon.core.logging.XmlKeywordLogger</class>
  <method>startKeyword</method>
  <thread>1</thread>
  <message>Start action : setText(findTestObject(&amp;quot;Object Repository/TC_QUANTITY_004/Page_Amazon.com/input_field-keywords&amp;quot;), &amp;quot;GPBJAG&amp;quot;)</message>
  <nestedLevel>1</nestedLevel>
  <escapedJava>false</escapedJava>
  <property name="startLine">24</property>
  <property name="stepIndex">3</property>
</record>
<record>
  <date>2024-01-17T04:04:48.707166900Z</date>
  <millis>1705464288707</millis>
  <nanos>166900</nanos>
  <sequence>55</sequence>
  <level>PASSED</level>
  <class>com.kms.katalon.core.logging.XmlKeywordLogger</class>
  <method>logMessage</method>
  <thread>1</thread>
  <message>Text &amp;apos;GPBJAG&amp;apos; is set on object &amp;apos;Object Repository/TC_QUANTITY_004/Page_Amazon.com/input_field-keywords&amp;apos;</message>
  <nestedLevel>1</nestedLevel>
  <escapedJava>false</escapedJava>
  <property name="testops-method-name">com.kms.katalon.core.webui.keyword.builtin.SetTextKeyword.setText</property>
  <property name="testops-execution-stacktrace"></property>
</record>
<record>
  <date>2024-01-17T04:04:48.709164500Z</date>
  <millis>1705464288709</millis>
  <nanos>164500</nanos>
  <sequence>56</sequence>
  <level>END</level>
  <class>com.kms.katalon.core.logging.XmlKeywordLogger</class>
  <method>endKeyword</method>
  <thread>1</thread>
  <message>End action : setText(findTestObject(&amp;quot;Object Repository/TC_QUANTITY_004/Page_Amazon.com/input_field-keywords&amp;quot;), &amp;quot;GPBJAG&amp;quot;)</message>
  <nestedLevel>1</nestedLevel>
  <escapedJava>false</escapedJava>
</record>
<record>
  <date>2024-01-17T04:04:48.710159400Z</date>
  <millis>1705464288710</millis>
  <nanos>159400</nanos>
  <sequence>57</sequence>
  <level>START</level>
  <class>com.kms.katalon.core.logging.XmlKeywordLogger</class>
  <method>startKeyword</method>
  <thread>1</thread>
  <message>Start action : click(findTestObject(&amp;quot;Object Repository/TC_QUANTITY_004/Page_Amazon.com/button_Continue shopping&amp;quot;))</message>
  <nestedLevel>1</nestedLevel>
  <escapedJava>false</escapedJava>
  <property name="startLine">26</property>
  <property name="stepIndex">4</property>
</record>
<record>
  <date>2024-01-17T04:04:49.303620600Z</date>
  <millis>1705464289303</millis>
  <nanos>620600</nanos>
  <sequence>67</sequence>
  <level>PASSED</level>
  <class>com.kms.katalon.core.logging.XmlKeywordLogger</class>
  <method>logMessage</method>
  <thread>1</thread>
  <message>Object: &amp;apos;Object Repository/TC_QUANTITY_004/Page_Amazon.com/button_Continue shopping&amp;apos; is clicked on</message>
  <nestedLevel>1</nestedLevel>
  <escapedJava>false</escapedJava>
  <property name="testops-method-name">com.kms.katalon.core.webui.keyword.builtin.ClickKeyword.click</property>
  <property name="testops-execution-stacktrace"></property>
</record>
<record>
  <date>2024-01-17T04:04:49.306612300Z</date>
  <millis>1705464289306</millis>
  <nanos>612300</nanos>
  <sequence>68</sequence>
  <level>END</level>
  <class>com.kms.katalon.core.logging.XmlKeywordLogger</class>
  <method>endKeyword</method>
  <thread>1</thread>
  <message>End action : click(findTestObject(&amp;quot;Object Repository/TC_QUANTITY_004/Page_Amazon.com/button_Continue shopping&amp;quot;))</message>
  <nestedLevel>1</nestedLevel>
  <escapedJava>false</escapedJava>
</record>
<record>
  <date>2024-01-17T04:04:49.306612300Z</date>
  <millis>1705464289306</millis>
  <nanos>612300</nanos>
  <sequence>69</sequence>
  <level>START</level>
  <class>com.kms.katalon.core.logging.XmlKeywordLogger</class>
  <method>startKeyword</method>
  <thread>1</thread>
  <message>Start action : setText(findTestObject(&amp;quot;Object Repository/TC_QUANTITY_004/Page_Amazon.com. Spend less. Smile more/input_field-keywords&amp;quot;), &amp;quot;PENDRIVE&amp;quot;)</message>
  <nestedLevel>1</nestedLevel>
  <escapedJava>false</escapedJava>
  <property name="startLine">28</property>
  <property name="stepIndex">5</property>
</record>
<record>
  <date>2024-01-17T04:05:00.097498500Z</date>
  <millis>1705464300097</millis>
  <nanos>498500</nanos>
  <sequence>106</sequence>
  <level>PASSED</level>
  <class>com.kms.katalon.core.logging.XmlKeywordLogger</class>
  <method>logMessage</method>
  <thread>1</thread>
  <message>Text &amp;apos;PENDRIVE&amp;apos; is set on object &amp;apos;Object Repository/TC_QUANTITY_004/Page_Amazon.com. Spend less. Smile more/input_field-keywords&amp;apos;</message>
  <nestedLevel>1</nestedLevel>
  <escapedJava>false</escapedJava>
  <property name="testops-method-name">com.kms.katalon.core.webui.keyword.builtin.SetTextKeyword.setText</property>
  <property name="testops-execution-stacktrace"></property>
</record>
<record>
  <date>2024-01-17T04:05:00.099494Z</date>
  <millis>1705464300099</millis>
  <nanos>494000</nanos>
  <sequence>107</sequence>
  <level>END</level>
  <class>com.kms.katalon.core.logging.XmlKeywordLogger</class>
  <method>endKeyword</method>
  <thread>1</thread>
  <message>End action : setText(findTestObject(&amp;quot;Object Repository/TC_QUANTITY_004/Page_Amazon.com. Spend less. Smile more/input_field-keywords&amp;quot;), &amp;quot;PENDRIVE&amp;quot;)</message>
  <nestedLevel>1</nestedLevel>
  <escapedJava>false</escapedJava>
</record>
<record>
  <date>2024-01-17T04:05:00.100490900Z</date>
  <millis>1705464300100</millis>
  <nanos>490900</nanos>
  <sequence>108</sequence>
  <level>START</level>
  <class>com.kms.katalon.core.logging.XmlKeywordLogger</class>
  <method>startKeyword</method>
  <thread>1</thread>
  <message>Start action : click(findTestObject(&amp;quot;Object Repository/TC_QUANTITY_004/Page_Amazon.com. Spend less. Smile more/inputnav-search-submit-button&amp;quot;))</message>
  <nestedLevel>1</nestedLevel>
  <escapedJava>false</escapedJava>
  <property name="startLine">31</property>
  <property name="stepIndex">6</property>
</record>
<record>
  <date>2024-01-17T04:05:08.346926800Z</date>
  <millis>1705464308346</millis>
  <nanos>926800</nanos>
  <sequence>118</sequence>
  <level>PASSED</level>
  <class>com.kms.katalon.core.logging.XmlKeywordLogger</class>
  <method>logMessage</method>
  <thread>1</thread>
  <message>Object: &amp;apos;Object Repository/TC_QUANTITY_004/Page_Amazon.com. Spend less. Smile more/inputnav-search-submit-button&amp;apos; is clicked on</message>
  <nestedLevel>1</nestedLevel>
  <escapedJava>false</escapedJava>
  <property name="testops-method-name">com.kms.katalon.core.webui.keyword.builtin.ClickKeyword.click</property>
  <property name="testops-execution-stacktrace"></property>
</record>
<record>
  <date>2024-01-17T04:05:08.348923Z</date>
  <millis>1705464308348</millis>
  <nanos>923000</nanos>
  <sequence>119</sequence>
  <level>END</level>
  <class>com.kms.katalon.core.logging.XmlKeywordLogger</class>
  <method>endKeyword</method>
  <thread>1</thread>
  <message>End action : click(findTestObject(&amp;quot;Object Repository/TC_QUANTITY_004/Page_Amazon.com. Spend less. Smile more/inputnav-search-submit-button&amp;quot;))</message>
  <nestedLevel>1</nestedLevel>
  <escapedJava>false</escapedJava>
</record>
<record>
  <date>2024-01-17T04:05:08.348923Z</date>
  <millis>1705464308348</millis>
  <nanos>923000</nanos>
  <sequence>120</sequence>
  <level>START</level>
  <class>com.kms.katalon.core.logging.XmlKeywordLogger</class>
  <method>startKeyword</method>
  <thread>1</thread>
  <message>Start action : click(findTestObject(&amp;quot;Object Repository/TC_QUANTITY_004/Page_Amazon.com  PENDRIVE/span_Type-C USB Flash Drive, 256GB, Transfe_3f34d6&amp;quot;))</message>
  <nestedLevel>1</nestedLevel>
  <escapedJava>false</escapedJava>
  <property name="startLine">33</property>
  <property name="stepIndex">7</property>
</record>
<record>
  <date>2024-01-17T04:05:39.661965700Z</date>
  <millis>1705464339661</millis>
  <nanos>965700</nanos>
  <sequence>218</sequence>
  <level>INFO</level>
  <class>com.kms.katalon.core.logging.XmlKeywordLogger</class>
  <method>logMessage</method>
  <thread>1</thread>
  <message>Unable to find the element located by &amp;apos;By.xpath: //div[@id=&amp;apos;search&amp;apos;]/div/div/div/span/div/div[9]/div/div/span/div/div/div/div[2]/div/div/div/h2/a/span&amp;apos;. Please recheck the objects properties to make sure the desired element is located. </message>
  <nestedLevel>1</nestedLevel>
  <escapedJava>false</escapedJava>
</record>
<record>
  <date>2024-01-17T04:05:39.662960Z</date>
  <millis>1705464339662</millis>
  <nanos>960000</nanos>
  <sequence>219</sequence>
  <level>WARNING</level>
  <class>com.kms.katalon.core.logging.XmlKeywordLogger</class>
  <method>logMessage</method>
  <thread>1</thread>
  <message>[SELF-HEALING] Failed to find element with id &amp;apos;Object Repository/TC_QUANTITY_004/Page_Amazon.com  PENDRIVE/span_Type-C USB Flash Drive, 256GB, Transfe_3f34d6&amp;apos;. Try using Self-healing.</message>
  <nestedLevel>1</nestedLevel>
  <escapedJava>false</escapedJava>
</record>
<record>
  <date>2024-01-17T04:05:39.953244800Z</date>
  <millis>1705464339953</millis>
  <nanos>244800</nanos>
  <sequence>221</sequence>
  <level>INFO</level>
  <class>com.kms.katalon.core.logging.XmlKeywordLogger</class>
  <method>logMessage</method>
  <thread>1</thread>
  <message>[SELF-HEALING] Failed Locator: &amp;apos;//div[@id=&amp;apos;search&amp;apos;]/div/div/div/span/div/div[9]/div/div/span/div/div/div/div[2]/div/div/div/h2/a/span&amp;apos;.</message>
  <nestedLevel>1</nestedLevel>
  <escapedJava>false</escapedJava>
</record>
<record>
  <date>2024-01-17T04:05:40.290006Z</date>
  <millis>1705464340290</millis>
  <nanos>6000</nanos>
  <sequence>223</sequence>
  <level>INFO</level>
  <class>com.kms.katalon.core.logging.XmlKeywordLogger</class>
  <method>logMessage</method>
  <thread>1</thread>
  <message>[SELF-HEALING] Failed Locator: &amp;apos;//div[9]/div/div/span/div/div/div/div[2]/div/div/div/h2/a/span&amp;apos;.</message>
  <nestedLevel>1</nestedLevel>
  <escapedJava>false</escapedJava>
</record>
<record>
  <date>2024-01-17T04:05:40.597790Z</date>
  <millis>1705464340597</millis>
  <nanos>790000</nanos>
  <sequence>225</sequence>
  <level>INFO</level>
  <class>com.kms.katalon.core.logging.XmlKeywordLogger</class>
  <method>logMessage</method>
  <thread>1</thread>
  <message>[SELF-HEALING] Working Locator: &amp;apos;//span[(text() = &amp;apos;Type-C™ USB Flash Drive, 256GB, Transfers 4GB Files in 11 Secs w/Up to 400MB/s 3.13 Read Speeds, Compatible w/USB 3.0/2.0, Waterproof, 2022,Blue&amp;apos; or . = &amp;apos;Type-C™ USB Flash Drive, 256GB, Transfers 4GB Files in 11 Secs w/Up to 400MB/s 3.13 Read Speeds, Compatible w/USB 3.0/2.0, Waterproof, 2022,Blue&amp;apos;)]&amp;apos;.</message>
  <nestedLevel>1</nestedLevel>
  <escapedJava>false</escapedJava>
</record>
<record>
  <date>2024-01-17T04:05:40.920913200Z</date>
  <millis>1705464340920</millis>
  <nanos>913200</nanos>
  <sequence>226</sequence>
  <level>INFO</level>
  <class>com.kms.katalon.core.logging.XmlKeywordLogger</class>
  <method>logMessage</method>
  <thread>1</thread>
  <message>[SELF-HEALING] Screenshot: C:/Users/ramam/git/SI-GuidedProject-704083-1705042736/Reports/Self-healing/Object Repository/TC_QUANTITY_004/Page_Amazon.com  PENDRIVE/span_Type-C USB Flash Drive, 256GB, Transfe_3f34d6_customAttributes.png</message>
  <nestedLevel>1</nestedLevel>
  <escapedJava>false</escapedJava>
</record>
<record>
  <date>2024-01-17T04:05:40.938864500Z</date>
  <millis>1705464340938</millis>
  <nanos>864500</nanos>
  <sequence>227</sequence>
  <level>WARNING</level>
  <class>com.kms.katalon.core.logging.XmlKeywordLogger</class>
  <method>logMessage</method>
  <thread>1</thread>
  <message>[SELF-HEALING] The current locator of test object &amp;apos;Object Repository/TC_QUANTITY_004/Page_Amazon.com  PENDRIVE/span_Type-C USB Flash Drive, 256GB, Transfe_3f34d6&amp;apos; was broken. Propose an alternative one: &amp;apos;//span[(text() = &amp;apos;Type-C™ USB Flash Drive, 256GB, Transfers 4GB Files in 11 Secs w/Up to 400MB/s 3.13 Read Speeds, Compatible w/USB 3.0/2.0, Waterproof, 2022,Blue&amp;apos; or . = &amp;apos;Type-C™ USB Flash Drive, 256GB, Transfers 4GB Files in 11 Secs w/Up to 400MB/s 3.13 Read Speeds, Compatible w/USB 3.0/2.0, Waterproof, 2022,Blue&amp;apos;)]&amp;apos;.</message>
  <nestedLevel>1</nestedLevel>
  <escapedJava>false</escapedJava>
</record>
<record>
  <date>2024-01-17T04:05:45.120912800Z</date>
  <millis>1705464345120</millis>
  <nanos>912800</nanos>
  <sequence>229</sequence>
  <level>PASSED</level>
  <class>com.kms.katalon.core.logging.XmlKeywordLogger</class>
  <method>logMessage</method>
  <thread>1</thread>
  <message>Object: &amp;apos;Object Repository/TC_QUANTITY_004/Page_Amazon.com  PENDRIVE/span_Type-C USB Flash Drive, 256GB, Transfe_3f34d6&amp;apos; is clicked on</message>
  <nestedLevel>1</nestedLevel>
  <escapedJava>false</escapedJava>
  <property name="testops-method-name">com.kms.katalon.core.webui.keyword.builtin.ClickKeyword.click</property>
  <property name="testops-execution-stacktrace"></property>
</record>
<record>
  <date>2024-01-17T04:05:45.124902300Z</date>
  <millis>1705464345124</millis>
  <nanos>902300</nanos>
  <sequence>230</sequence>
  <level>END</level>
  <class>com.kms.katalon.core.logging.XmlKeywordLogger</class>
  <method>endKeyword</method>
  <thread>1</thread>
  <message>End action : click(findTestObject(&amp;quot;Object Repository/TC_QUANTITY_004/Page_Amazon.com  PENDRIVE/span_Type-C USB Flash Drive, 256GB, Transfe_3f34d6&amp;quot;))</message>
  <nestedLevel>1</nestedLevel>
  <escapedJava>false</escapedJava>
</record>
<record>
  <date>2024-01-17T04:05:45.124902300Z</date>
  <millis>1705464345124</millis>
  <nanos>902300</nanos>
  <sequence>231</sequence>
  <level>START</level>
  <class>com.kms.katalon.core.logging.XmlKeywordLogger</class>
  <method>startKeyword</method>
  <thread>1</thread>
  <message>Start action : selectOptionByValue(findTestObject(&amp;quot;Object Repository/TC_QUANTITY_004/Page_Amazon.com SAMSUNG Type-C USB Flash Dr_c95e17/select_1        2        3        4        5&amp;quot;), &amp;quot;2&amp;quot;, true)</message>
  <nestedLevel>1</nestedLevel>
  <escapedJava>false</escapedJava>
  <property name="startLine">35</property>
  <property name="stepIndex">8</property>
</record>
<record>
  <date>2024-01-17T04:05:46.968457900Z</date>
  <millis>1705464346968</millis>
  <nanos>457900</nanos>
  <sequence>244</sequence>
  <level>PASSED</level>
  <class>com.kms.katalon.core.logging.XmlKeywordLogger</class>
  <method>logMessage</method>
  <thread>1</thread>
  <message>All options with value &amp;apos;2&amp;apos; are selected in object &amp;apos;Object Repository/TC_QUANTITY_004/Page_Amazon.com SAMSUNG Type-C USB Flash Dr_c95e17/select_1        2        3        4        5&amp;apos;  using regular expression</message>
  <nestedLevel>1</nestedLevel>
  <escapedJava>false</escapedJava>
  <property name="testops-method-name">com.kms.katalon.core.webui.keyword.builtin.SelectOptionByValueKeyword.selectOptionByValue</property>
  <property name="testops-execution-stacktrace"></property>
</record>
<record>
  <date>2024-01-17T04:05:46.971451600Z</date>
  <millis>1705464346971</millis>
  <nanos>451600</nanos>
  <sequence>245</sequence>
  <level>END</level>
  <class>com.kms.katalon.core.logging.XmlKeywordLogger</class>
  <method>endKeyword</method>
  <thread>1</thread>
  <message>End action : selectOptionByValue(findTestObject(&amp;quot;Object Repository/TC_QUANTITY_004/Page_Amazon.com SAMSUNG Type-C USB Flash Dr_c95e17/select_1        2        3        4        5&amp;quot;), &amp;quot;2&amp;quot;, true)</message>
  <nestedLevel>1</nestedLevel>
  <escapedJava>false</escapedJava>
</record>
<record>
  <date>2024-01-17T04:05:46.971451600Z</date>
  <millis>1705464346971</millis>
  <nanos>451600</nanos>
  <sequence>246</sequence>
  <level>START</level>
  <class>com.kms.katalon.core.logging.XmlKeywordLogger</class>
  <method>startKeyword</method>
  <thread>1</thread>
  <message>Start action : click(findTestObject(&amp;quot;Object Repository/TC_QUANTITY_004/Page_Amazon.com SAMSUNG Type-C USB Flash Dr_c95e17/input_submit.add-to-cart&amp;quot;))</message>
  <nestedLevel>1</nestedLevel>
  <escapedJava>false</escapedJava>
  <property name="startLine">38</property>
  <property name="stepIndex">9</property>
</record>
<record>
  <date>2024-01-17T04:05:49.181804600Z</date>
  <millis>1705464349181</millis>
  <nanos>804600</nanos>
  <sequence>256</sequence>
  <level>PASSED</level>
  <class>com.kms.katalon.core.logging.XmlKeywordLogger</class>
  <method>logMessage</method>
  <thread>1</thread>
  <message>Object: &amp;apos;Object Repository/TC_QUANTITY_004/Page_Amazon.com SAMSUNG Type-C USB Flash Dr_c95e17/input_submit.add-to-cart&amp;apos; is clicked on</message>
  <nestedLevel>1</nestedLevel>
  <escapedJava>false</escapedJava>
  <property name="testops-method-name">com.kms.katalon.core.webui.keyword.builtin.ClickKeyword.click</property>
  <property name="testops-execution-stacktrace"></property>
</record>
<record>
  <date>2024-01-17T04:05:49.183795400Z</date>
  <millis>1705464349183</millis>
  <nanos>795400</nanos>
  <sequence>257</sequence>
  <level>END</level>
  <class>com.kms.katalon.core.logging.XmlKeywordLogger</class>
  <method>endKeyword</method>
  <thread>1</thread>
  <message>End action : click(findTestObject(&amp;quot;Object Repository/TC_QUANTITY_004/Page_Amazon.com SAMSUNG Type-C USB Flash Dr_c95e17/input_submit.add-to-cart&amp;quot;))</message>
  <nestedLevel>1</nestedLevel>
  <escapedJava>false</escapedJava>
</record>
<record>
  <date>2024-01-17T04:05:49.184792400Z</date>
  <millis>1705464349184</millis>
  <nanos>792400</nanos>
  <sequence>258</sequence>
  <level>START</level>
  <class>com.kms.katalon.core.logging.XmlKeywordLogger</class>
  <method>startKeyword</method>
  <thread>1</thread>
  <message>Start action : closeBrowser()</message>
  <nestedLevel>1</nestedLevel>
  <escapedJava>false</escapedJava>
  <property name="startLine">40</property>
  <property name="stepIndex">10</property>
</record>
<record>
  <date>2024-01-17T04:05:49.696362200Z</date>
  <millis>1705464349696</millis>
  <nanos>362200</nanos>
  <sequence>260</sequence>
  <level>PASSED</level>
  <class>com.kms.katalon.core.logging.XmlKeywordLogger</class>
  <method>logMessage</method>
  <thread>1</thread>
  <message>Browser is closed</message>
  <nestedLevel>1</nestedLevel>
  <escapedJava>false</escapedJava>
  <property name="testops-method-name">com.kms.katalon.core.webui.keyword.builtin.CloseBrowserKeyword.closeBrowser</property>
  <property name="testops-execution-stacktrace"></property>
</record>
<record>
  <date>2024-01-17T04:05:49.697322300Z</date>
  <millis>1705464349697</millis>
  <nanos>322300</nanos>
  <sequence>261</sequence>
  <level>END</level>
  <class>com.kms.katalon.core.logging.XmlKeywordLogger</class>
  <method>endKeyword</method>
  <thread>1</thread>
  <message>End action : closeBrowser()</message>
  <nestedLevel>1</nestedLevel>
  <escapedJava>false</escapedJava>
</record>
<record>
  <date>2024-01-17T04:05:49.697322300Z</date>
  <millis>1705464349697</millis>
  <nanos>322300</nanos>
  <sequence>262</sequence>
  <level>PASSED</level>
  <class>com.kms.katalon.core.logging.XmlKeywordLogger</class>
  <method>logMessage</method>
  <thread>1</thread>
  <message>Test Cases/Manual Mode/TC_QUANTITY_004</message>
  <nestedLevel>1</nestedLevel>
  <escapedJava>false</escapedJava>
</record>
<record>
  <date>2024-01-17T04:05:49.697322300Z</date>
  <millis>1705464349697</millis>
  <nanos>322300</nanos>
  <sequence>263</sequence>
  <level>START</level>
  <class>com.kms.katalon.core.logging.XmlKeywordLogger</class>
  <method>startKeyword</method>
  <thread>1</thread>
  <message>Start listener action : sampleAfterTestCase</message>
  <nestedLevel>1</nestedLevel>
  <escapedJava>false</escapedJava>
</record>
<record>
  <date>2024-01-17T04:05:49.698319900Z</date>
  <millis>1705464349698</millis>
  <nanos>319900</nanos>
  <sequence>265</sequence>
  <level>START</level>
  <class>com.kms.katalon.core.logging.XmlKeywordLogger</class>
  <method>startKeyword</method>
  <thread>1</thread>
  <message>Start action : println(testCaseContext.getTestCaseId())</message>
  <nestedLevel>1</nestedLevel>
  <escapedJava>false</escapedJava>
  <property name="startLine">35</property>
  <property name="stepIndex">1</property>
</record>
<record>
  <date>2024-01-17T04:05:49.701312600Z</date>
  <millis>1705464349701</millis>
  <nanos>312600</nanos>
  <sequence>266</sequence>
  <level>END</level>
  <class>com.kms.katalon.core.logging.XmlKeywordLogger</class>
  <method>endKeyword</method>
  <thread>1</thread>
  <message>End action : println(testCaseContext.getTestCaseId())</message>
  <nestedLevel>1</nestedLevel>
  <escapedJava>false</escapedJava>
</record>
<record>
  <date>2024-01-17T04:05:49.702309Z</date>
  <millis>1705464349702</millis>
  <nanos>309000</nanos>
  <sequence>267</sequence>
  <level>START</level>
  <class>com.kms.katalon.core.logging.XmlKeywordLogger</class>
  <method>startKeyword</method>
  <thread>1</thread>
  <message>Start action : println(testCaseContext.getTestCaseStatus())</message>
  <nestedLevel>1</nestedLevel>
  <escapedJava>false</escapedJava>
  <property name="startLine">36</property>
  <property name="stepIndex">2</property>
</record>
<record>
  <date>2024-01-17T04:05:49.703307Z</date>
  <millis>1705464349703</millis>
  <nanos>307000</nanos>
  <sequence>269</sequence>
  <level>END</level>
  <class>com.kms.katalon.core.logging.XmlKeywordLogger</class>
  <method>endKeyword</method>
  <thread>1</thread>
  <message>End action : println(testCaseContext.getTestCaseStatus())</message>
  <nestedLevel>1</nestedLevel>
  <escapedJava>false</escapedJava>
</record>
<record>
  <date>2024-01-17T04:05:49.704304300Z</date>
  <millis>1705464349704</millis>
  <nanos>304300</nanos>
  <sequence>270</sequence>
  <level>END</level>
  <class>com.kms.katalon.core.logging.XmlKeywordLogger</class>
  <method>endKeyword</method>
  <thread>1</thread>
  <message>End listener action : sampleAfterTestCase</message>
  <nestedLevel>1</nestedLevel>
  <escapedJava>false</escapedJava>
</record>
<record>
  <date>2024-01-17T04:05:49.705301400Z</date>
  <millis>1705464349705</millis>
  <nanos>301400</nanos>
  <sequence>271</sequence>
  <level>END</level>
  <class>com.kms.katalon.core.logging.XmlKeywordLogger</class>
  <method>endTest</method>
  <thread>1</thread>
  <message>End Test Case : Test Cases/Manual Mode/TC_QUANTITY_004</message>
  <nestedLevel>0</nestedLevel>
  <escapedJava>false</escapedJava>
  <property name="executionBindingVariables">[]</property>
  <property name="applitools">false</property>
  <property name="remainingRetryCount">3</property>
  <property name="currentRetryCount">0</property>
  <property name="keywordsUsage">{
  &quot;web_ui&quot;: true,
  &quot;web_service&quot;: false,
  &quot;cucumber&quot;: false,
  &quot;builtin&quot;: false,
  &quot;mobile&quot;: false,
  &quot;windows&quot;: false,
  &quot;testng&quot;: false
}</property>
</record>
<record>
  <date>2024-01-17T04:05:49.705301400Z</date>
  <millis>1705464349705</millis>
  <nanos>301400</nanos>
  <sequence>272</sequence>
  <level>INFO</level>
  <class>com.kms.katalon.core.logging.XmlKeywordLogger</class>
  <method>logMessage</method>
  <thread>1</thread>
  <message></message>
  <nestedLevel>0</nestedLevel>
  <escapedJava>false</escapedJava>
</record>
<record>
  <date>2024-01-17T04:05:49.706299Z</date>
  <millis>1705464349706</millis>
  <nanos>299000</nanos>
  <sequence>273</sequence>
  <level>INFO</level>
  <class>com.kms.katalon.core.logging.XmlKeywordLogger</class>
  <method>logMessage</method>
  <thread>1</thread>
  <message>===================== Self-healing Report ====================</message>
  <nestedLevel>0</nestedLevel>
  <escapedJava>false</escapedJava>
</record>
<record>
  <date>2024-01-17T04:05:49.706299Z</date>
  <millis>1705464349706</millis>
  <nanos>299000</nanos>
  <sequence>274</sequence>
  <level>INFO</level>
  <class>com.kms.katalon.core.logging.XmlKeywordLogger</class>
  <method>logMessage</method>
  <thread>1</thread>
  <message>One of the failed test object locators has been recovered by Self-healing. Please refer to the Self-healing Insights tab for more details.</message>
  <nestedLevel>0</nestedLevel>
  <escapedJava>false</escapedJava>
</record>
<record>
  <date>2024-01-17T04:05:49.707295600Z</date>
  <millis>1705464349707</millis>
  <nanos>295600</nanos>
  <sequence>275</sequence>
  <level>INFO</level>
  <class>com.kms.katalon.core.logging.XmlKeywordLogger</class>
  <method>logMessage</method>
  <thread>1</thread>
  <message>To learn more about Self-healing, please read https://docs.katalon.com/katalon-studio/docs/self-healing.html</message>
  <nestedLevel>0</nestedLevel>
  <escapedJava>false</escapedJava>
</record>
<record>
  <date>2024-01-17T04:05:49.707295600Z</date>
  <millis>1705464349707</millis>
  <nanos>295600</nanos>
  <sequence>276</sequence>
  <level>INFO</level>
  <class>com.kms.katalon.core.logging.XmlKeywordLogger</class>
  <method>logMessage</method>
  <thread>1</thread>
  <message>==============================================================</message>
  <nestedLevel>0</nestedLevel>
  <escapedJava>false</escapedJava>
</record>
<record>
  <date>2024-01-17T04:05:49.710287900Z</date>
  <millis>1705464349710</millis>
  <nanos>287900</nanos>
  <sequence>277</sequence>
  <level>START</level>
  <class>com.kms.katalon.core.logging.XmlKeywordLogger</class>
  <method>startKeyword</method>
  <thread>1</thread>
  <message>Start listener action : sampleAfterTestSuite</message>
  <nestedLevel>0</nestedLevel>
  <escapedJava>false</escapedJava>
</record>
<record>
  <date>2024-01-17T04:05:49.713279400Z</date>
  <millis>1705464349713</millis>
  <nanos>279400</nanos>
  <sequence>279</sequence>
  <level>START</level>
  <class>com.kms.katalon.core.logging.XmlKeywordLogger</class>
  <method>startKeyword</method>
  <thread>1</thread>
  <message>Start action : println(testSuiteContext.getTestSuiteId())</message>
  <nestedLevel>1</nestedLevel>
  <escapedJava>false</escapedJava>
  <property name="startLine">47</property>
  <property name="stepIndex">1</property>
</record>
<record>
  <date>2024-01-17T04:05:49.714276600Z</date>
  <millis>1705464349714</millis>
  <nanos>276600</nanos>
  <sequence>281</sequence>
  <level>END</level>
  <class>com.kms.katalon.core.logging.XmlKeywordLogger</class>
  <method>endKeyword</method>
  <thread>1</thread>
  <message>End action : println(testSuiteContext.getTestSuiteId())</message>
  <nestedLevel>1</nestedLevel>
  <escapedJava>false</escapedJava>
</record>
<record>
  <date>2024-01-17T04:05:49.714276600Z</date>
  <millis>1705464349714</millis>
  <nanos>276600</nanos>
  <sequence>282</sequence>
  <level>END</level>
  <class>com.kms.katalon.core.logging.XmlKeywordLogger</class>
  <method>endKeyword</method>
  <thread>1</thread>
  <message>End listener action : sampleAfterTestSuite</message>
  <nestedLevel>0</nestedLevel>
  <escapedJava>false</escapedJava>
</record>
<record>
  <date>2024-01-17T04:05:49.715275Z</date>
  <millis>1705464349715</millis>
  <nanos>275000</nanos>
  <sequence>283</sequence>
  <level>START</level>
  <class>com.kms.katalon.core.logging.XmlKeywordLogger</class>
  <method>startKeyword</method>
  <thread>1</thread>
  <message>Start listener action : exportKatalonReports</message>
  <nestedLevel>0</nestedLevel>
  <escapedJava>false</escapedJava>
</record>
<record>
  <date>2024-01-17T04:05:50.055364Z</date>
  <millis>1705464350055</millis>
  <nanos>364000</nanos>
  <sequence>441</sequence>
  <level>INFO</level>
  <class>com.kms.katalon.core.logging.XmlKeywordLogger</class>
  <method>logMessage</method>
  <thread>1</thread>
  <message>Start generating HTML report folder at: C:\Users\ramam\git\SI-GuidedProject-704083-1705042736\Reports\20240117_093435\Manual Mode\TC_QUANTITY_004\20240117_093435...</message>
  <nestedLevel>0</nestedLevel>
  <escapedJava>false</escapedJava>
</record>
<record>
  <date>2024-01-17T04:05:50.114206500Z</date>
  <millis>1705464350114</millis>
  <nanos>206500</nanos>
  <sequence>442</sequence>
  <level>INFO</level>
  <class>com.kms.katalon.core.logging.XmlKeywordLogger</class>
  <method>logMessage</method>
  <thread>1</thread>
  <message>HTML report generated</message>
  <nestedLevel>0</nestedLevel>
  <escapedJava>false</escapedJava>
</record>
<record>
  <date>2024-01-17T04:05:50.114206500Z</date>
  <millis>1705464350114</millis>
  <nanos>206500</nanos>
  <sequence>443</sequence>
  <level>INFO</level>
  <class>com.kms.katalon.core.logging.XmlKeywordLogger</class>
  <method>logMessage</method>
  <thread>1</thread>
  <message>Start generating CSV report folder at: C:\Users\ramam\git\SI-GuidedProject-704083-1705042736\Reports\20240117_093435\Manual Mode\TC_QUANTITY_004\20240117_093435...</message>
  <nestedLevel>0</nestedLevel>
  <escapedJava>false</escapedJava>
</record>
<record>
  <date>2024-01-17T04:05:50.146121300Z</date>
  <millis>1705464350146</millis>
  <nanos>121300</nanos>
  <sequence>444</sequence>
  <level>INFO</level>
  <class>com.kms.katalon.core.logging.XmlKeywordLogger</class>
  <method>logMessage</method>
  <thread>1</thread>
  <message>CSV report generated</message>
  <nestedLevel>0</nestedLevel>
  <escapedJava>false</escapedJava>
</record>
<record>
  <date>2024-01-17T04:05:50.508182400Z</date>
  <millis>1705464350508</millis>
  <nanos>182400</nanos>
  <sequence>446</sequence>
  <level>END</level>
  <class>com.kms.katalon.core.logging.XmlKeywordLogger</class>
  <method>endKeyword</method>
  <thread>1</thread>
  <message>End listener action : exportKatalonReports</message>
  <nestedLevel>0</nestedLevel>
  <escapedJava>false</escapedJava>
</record>
<record>
  <date>2024-01-17T04:05:50.549042600Z</date>
  <millis>1705464350549</millis>
  <nanos>42600</nanos>
  <sequence>447</sequence>
  <level>END</level>
  <class>com.kms.katalon.core.logging.XmlKeywordLogger</class>
  <method>endSuite</method>
  <thread>1</thread>
  <message>End Test Suite : Test Suites/Manual Mode/TC_QUANTITY_004</message>
  <nestedLevel>0</nestedLevel>
  <escapedJava>false</escapedJava>
</record>
</log>
